[debug] [2020-03-09T19:42:08.569Z] ----------------------------------------------------------------------
[debug] [2020-03-09T19:42:08.575Z] Command:       C:\Program Files\nodejs\node.exe C:\Users\Caleb Impecoven\AppData\Roaming\npm\node_modules\firebase-tools\lib\bin\firebase.js deploy
[debug] [2020-03-09T19:42:08.575Z] CLI Version:   7.14.0
[debug] [2020-03-09T19:42:08.575Z] Platform:      win32
[debug] [2020-03-09T19:42:08.575Z] Node Version:  v12.14.1
[debug] [2020-03-09T19:42:08.581Z] Time:          Mon Mar 09 2020 14:42:08 GMT-0500 (Central Daylight Time)
[debug] [2020-03-09T19:42:08.582Z] ----------------------------------------------------------------------
[debug] [2020-03-09T19:42:08.582Z] 
[debug] [2020-03-09T19:42:08.624Z] > command requires scopes: ["email","openid","https://www.googleapis.com/auth/cloudplatformprojects.readonly","https://www.googleapis.com/auth/firebase","https://www.googleapis.com/auth/cloud-platform"]
[debug] [2020-03-09T19:42:08.626Z] > authorizing via signed-in user
[debug] [2020-03-09T19:42:08.626Z] [iam] checking project scheduling-system-f667b for permissions ["cloudfunctions.functions.create","cloudfunctions.functions.delete","cloudfunctions.functions.get","cloudfunctions.functions.list","cloudfunctions.functions.update","cloudfunctions.operations.get","datastore.indexes.create","datastore.indexes.delete","datastore.indexes.list","datastore.indexes.update","firebase.projects.get","firebasedatabase.instances.update","firebasehosting.sites.update","firebaserules.releases.create","firebaserules.releases.update","firebaserules.rulesets.create"]
[debug] [2020-03-09T19:42:08.631Z] > refreshing access token with scopes: ["email","https://www.googleapis.com/auth/cloud-platform","https://www.googleapis.com/auth/cloudplatformprojects.readonly","https://www.googleapis.com/auth/firebase","openid"]
[debug] [2020-03-09T19:42:08.632Z] >>> HTTP REQUEST POST https://www.googleapis.com/oauth2/v3/token  
 <request body omitted>
[debug] [2020-03-09T19:42:08.912Z] <<< HTTP RESPONSE 200
[debug] [2020-03-09T19:42:08.944Z] >>> HTTP REQUEST POST https://cloudresourcemanager.googleapis.com/v1/projects/scheduling-system-f667b:testIamPermissions  

[debug] [2020-03-09T19:42:09.148Z] <<< HTTP RESPONSE 200
[debug] [2020-03-09T19:42:09.151Z] >>> HTTP REQUEST GET https://firebase.googleapis.com/v1beta1/projects/scheduling-system-f667b  
 
[debug] [2020-03-09T19:42:09.457Z] <<< HTTP RESPONSE 200
[info] 
[info] === Deploying to 'scheduling-system-f667b'...
[info] 
[info] i  deploying database, storage, firestore, functions, hosting
[info] Running command: npm --prefix "$RESOURCE_DIR" run lint
[info] Running command: npm --prefix "$RESOURCE_DIR" run build
[info] +  functions: Finished running predeploy script.
[info] i  database: checking rules syntax...
[debug] [2020-03-09T19:42:38.485Z] >>> HTTP REQUEST PUT https://scheduling-system-f667b.firebaseio.com/.settings/rules.json?dryRun=true  
 {
  "rules": {
    ".read": "auth != null",
    ".write": "auth != null"
  }
}
[debug] [2020-03-09T19:42:38.792Z] <<< HTTP RESPONSE 200
[info] +  database: rules syntax for database scheduling-system-f667b is valid
[debug] [2020-03-09T19:42:38.801Z] >>> HTTP REQUEST GET https://appengine.googleapis.com/v1/apps/scheduling-system-f667b  
 
[debug] [2020-03-09T19:42:39.128Z] <<< HTTP RESPONSE 200
[info] i  firebase.storage: checking storage.rules for compilation errors...
[debug] [2020-03-09T19:42:39.140Z] >>> HTTP REQUEST POST https://firebaserules.googleapis.com/v1/projects/scheduling-system-f667b:test  

[debug] [2020-03-09T19:42:39.406Z] <<< HTTP RESPONSE 200
[info] +  firebase.storage: rules file storage.rules compiled successfully
[info] i  firestore: reading indexes from firestore.indexes.json...
[info] i  cloud.firestore: checking firestore.rules for compilation errors...
[debug] [2020-03-09T19:42:39.440Z] >>> HTTP REQUEST POST https://firebaserules.googleapis.com/v1/projects/scheduling-system-f667b:test  

[debug] [2020-03-09T19:42:39.627Z] <<< HTTP RESPONSE 200
[info] +  cloud.firestore: rules file firestore.rules compiled successfully
[debug] [2020-03-09T19:42:39.639Z] > [functions] package.json contents: {
  "name": "functions",
  "scripts": {
    "lint": "tslint --project tsconfig.json",
    "build": "tsc",
    "serve": "npm run build && firebase emulators:start --only functions",
    "shell": "npm run build && firebase functions:shell",
    "start": "npm run shell",
    "deploy": "firebase deploy --only functions",
    "logs": "firebase functions:log"
  },
  "engines": {
    "node": "8"
  },
  "main": "lib/index.js",
  "dependencies": {
    "firebase-admin": "^8.6.0",
    "firebase-functions": "^3.3.0"
  },
  "devDependencies": {
    "tslint": "^5.12.0",
    "typescript": "^3.2.2",
    "firebase-functions-test": "^0.1.6"
  },
  "private": true
}
[info] i  functions: ensuring necessary APIs are enabled...
[debug] [2020-03-09T19:42:39.644Z] >>> HTTP REQUEST GET https://serviceusage.googleapis.com/v1/projects/scheduling-system-f667b/services/cloudfunctions.googleapis.com  
 
[debug] [2020-03-09T19:42:39.644Z] >>> HTTP REQUEST GET https://serviceusage.googleapis.com/v1/projects/scheduling-system-f667b/services/runtimeconfig.googleapis.com  
 
[debug] [2020-03-09T19:42:39.984Z] <<< HTTP RESPONSE 200
[debug] [2020-03-09T19:42:40.059Z] <<< HTTP RESPONSE 200
[info] +  functions: all necessary APIs are enabled
[debug] [2020-03-09T19:42:40.063Z] >>> HTTP REQUEST GET https://firebase.googleapis.com/v1beta1/projects/scheduling-system-f667b/adminSdkConfig  
 
[debug] [2020-03-09T19:42:40.300Z] <<< HTTP RESPONSE 200
[debug] [2020-03-09T19:42:40.304Z] >>> HTTP REQUEST POST https://firebasehosting.googleapis.com/v1beta1/sites/scheduling-system-f667b/versions  

[debug] [2020-03-09T19:42:40.932Z] <<< HTTP RESPONSE 200
[debug] [2020-03-09T19:42:40.959Z] >>> HTTP REQUEST GET https://firebaserules.googleapis.com/v1/projects/scheduling-system-f667b/releases?pageSize=10&pageToken=  
 
[debug] [2020-03-09T19:42:41.156Z] <<< HTTP RESPONSE 200
[debug] [2020-03-09T19:42:41.159Z] >>> HTTP REQUEST GET https://firebaserules.googleapis.com/v1/projects/scheduling-system-f667b/rulesets/bf46aee4-bf1e-472d-a1d7-e095dc2cb733  
 
[debug] [2020-03-09T19:42:41.304Z] <<< HTTP RESPONSE 200
[info] i  storage: latest version of storage.rules already up to date, skipping upload...
[debug] [2020-03-09T19:42:41.315Z] >>> HTTP REQUEST GET https://firebaserules.googleapis.com/v1/projects/scheduling-system-f667b/releases?pageSize=10&pageToken=  
 
[debug] [2020-03-09T19:42:41.316Z] >>> HTTP REQUEST GET https://firestore.googleapis.com/v1beta2/projects/scheduling-system-f667b/databases/(default)/collectionGroups/-/indexes  
 
[debug] [2020-03-09T19:42:41.493Z] <<< HTTP RESPONSE 200
[debug] [2020-03-09T19:42:41.494Z] >>> HTTP REQUEST GET https://firebaserules.googleapis.com/v1/projects/scheduling-system-f667b/rulesets/07446ea6-be8a-4688-b844-2bf704df1957  
 
[debug] [2020-03-09T19:42:41.664Z] <<< HTTP RESPONSE 200
[info] i  firestore: latest version of firestore.rules already up to date, skipping upload...
[debug] [2020-03-09T19:42:41.710Z] <<< HTTP RESPONSE 200
[debug] [2020-03-09T19:42:41.711Z] >>> HTTP REQUEST GET https://firestore.googleapis.com/v1beta2/projects/scheduling-system-f667b/databases/(default)/collectionGroups/-/fields?filter=indexConfig.usesAncestorConfig=false  
 
[debug] [2020-03-09T19:42:41.997Z] <<< HTTP RESPONSE 200
[info] +  firestore: deployed indexes in firestore.indexes.json successfully
[info] i  functions: preparing functions directory for uploading...
[debug] [2020-03-09T19:42:42.018Z] >>> HTTP REQUEST GET https://runtimeconfig.googleapis.com/v1beta1/projects/scheduling-system-f667b/configs  
 
[debug] [2020-03-09T19:42:42.494Z] <<< HTTP RESPONSE 200
[info] i  functions: packaged functions (33.39 KB) for uploading
[debug] [2020-03-09T19:42:43.114Z] >>> HTTP REQUEST POST https://cloudfunctions.googleapis.com/v1/projects/scheduling-system-f667b/locations/us-central1/functions:generateUploadUrl  
 
[debug] [2020-03-09T19:42:44.068Z] <<< HTTP RESPONSE 200
[debug] [2020-03-09T19:42:44.070Z] >>> HTTP REQUEST PUT https://storage.googleapis.com/gcf-upload-us-central1-2ca6f3ba-dec7-498b-93d4-cd060a052f59/093bfe98-2ee9-4994-9d68-51dc2d11e5d0.zip?GoogleAccessId=service-942655793787@gcf-admin-robot.iam.gserviceaccount.com&Expires=1583784762&Signature=bXQ1ofYNKV8ow9refj2KKedxZQIqqfkG9YOt%2FxOTUb%2BUu9Ivub%2BU6qiRKZeKYESU7%2F7WXmWJVPx5UKJuiEqBaMy4aeXHA8vdnmHRIft2ck5PkAyQQXEWsUtqOZik22ISiMJJPHutlsLyq017jOU1sQHue4HXyZZjp4KuOc2H5BcDNjJ4NrCof35%2FJpZa9MVYfPZAV35c9su0yoyO1KVIkk86bZcA0MVOenSaBjQRj1xaj7AY0qTTA%2FkMeV6n5Ioh06f3CbhfzrfBp33IDhJN7VrSodUfcOcQfh%2BJFWek9AzICTnT%2BQQsF8TMSPc1Dn%2BnvVrloEKOGFtFyRtLHsAsMw%3D%3D  
 <request body omitted>
[warn] !  functions: Upload Error: Server Error. unable to get local issuer certificate
[debug] [2020-03-09T19:42:44.404Z] Error: unable to get local issuer certificate
    at TLSSocket.onConnectSecure (_tls_wrap.js:1321:34)
    at TLSSocket.emit (events.js:223:5)
    at TLSSocket.EventEmitter.emit (domain.js:475:20)
    at TLSSocket._finishInit (_tls_wrap.js:794:8)
    at TLSWrap.ssl.onhandshakedone (_tls_wrap.js:608:12)
[error] 
[error] Error: Server Error. unable to get local issuer certificate
